{"/home/gabriel/Projetos/Gabriel/state-updater/src/select.js":{"path":"/home/gabriel/Projetos/Gabriel/state-updater/src/select.js","s":{"1":1,"2":13,"3":13,"4":29,"5":13,"6":13,"7":29,"8":1,"9":5,"10":0,"11":5,"12":1,"13":1,"14":5,"15":5,"16":8,"17":5,"18":5,"19":8,"20":5,"21":5,"22":5,"23":1,"24":20,"25":13,"26":5,"27":2,"28":0,"29":1},"b":{"1":[29,26],"2":[0,5],"3":[1,4],"4":[2,3],"5":[13,5,2]},"f":{"1":13,"2":29,"3":13,"4":29,"5":5,"6":1,"7":8,"8":5,"9":8,"10":20},"fnMap":{"1":{"loc":{"start":{"line":3,"column":0},"end":{"line":3,"column":32}},"line":3,"name":"selectString"},"2":{"loc":{"start":{"line":5,"column":33},"end":{"line":5,"column":48}},"line":5,"name":"(anonymous_2)"},"3":{"loc":{"start":{"line":8,"column":8},"end":{"line":8,"column":39}},"line":8,"name":"string_selector"},"4":{"loc":{"start":{"line":9,"column":23},"end":{"line":9,"column":70}},"line":9,"name":"string_selector_reducer"},"5":{"loc":{"start":{"line":15,"column":0},"end":{"line":15,"column":30}},"line":15,"name":"selectObject"},"6":{"loc":{"start":{"line":17,"column":35},"end":{"line":17,"column":61}},"line":17,"name":"get_value"},"7":{"loc":{"start":{"line":19,"column":27},"end":{"line":19,"column":45}},"line":21,"name":"(anonymous_7)"},"8":{"loc":{"start":{"line":22,"column":16},"end":{"line":22,"column":47}},"line":24,"name":"object_selector"},"9":{"loc":{"start":{"line":23,"column":29},"end":{"line":23,"column":68}},"line":25,"name":"object_selector_map"},"10":{"loc":{"start":{"line":32,"column":0},"end":{"line":32,"column":25}},"line":34,"name":"select"}},"statementMap":{"1":{"end":{"line":13,"column":1},"start":{"line":3,"column":0}},"2":{"end":{"line":4,"column":1},"start":{"line":4,"column":1}},"3":{"end":{"line":5,"column":1},"start":{"line":5,"column":1}},"4":{"end":{"line":6,"column":2},"start":{"line":6,"column":2}},"5":{"end":{"line":8,"column":1},"start":{"line":8,"column":1}},"6":{"end":{"line":9,"column":2},"start":{"line":9,"column":2}},"7":{"end":{"line":10,"column":3},"start":{"line":10,"column":3}},"8":{"end":{"line":30,"column":1},"start":{"line":15,"column":0}},"9":{"end":{"line":16,"column":21},"start":{"line":16,"column":1}},"10":{"end":{"line":16,"column":21},"start":{"line":16,"column":21}},"11":{"end":{"line":17,"column":20},"start":{"line":17,"column":1}},"12":{"end":{"line":17,"column":20},"start":{"line":17,"column":20}},"13":{"end":{"line":17,"column":63},"start":{"line":17,"column":63}},"14":{"end":{"line":18,"column":1},"start":{"line":18,"column":1}},"15":{"end":{"line":19,"column":1},"start":{"line":19,"column":1}},"16":{"end":{"line":20,"column":2},"start":{"line":20,"column":2}},"17":{"end":{"line":22,"column":1},"start":{"line":22,"column":1}},"18":{"end":{"line":23,"column":2},"start":{"line":23,"column":2}},"19":{"end":{"line":24,"column":3},"start":{"line":24,"column":3}},"20":{"end":{"line":26,"column":2},"start":{"line":26,"column":2}},"21":{"end":{"line":27,"column":2},"start":{"line":27,"column":2}},"22":{"end":{"line":29,"column":1},"start":{"line":29,"column":1}},"23":{"end":{"line":42,"column":1},"start":{"line":32,"column":0}},"24":{"end":{"line":33,"column":1},"start":{"line":33,"column":1}},"25":{"end":{"line":35,"column":3},"start":{"line":35,"column":3}},"26":{"end":{"line":37,"column":3},"start":{"line":37,"column":3}},"27":{"end":{"line":39,"column":3},"start":{"line":39,"column":3}},"28":{"end":{"line":41,"column":1},"start":{"line":41,"column":1}},"29":{"end":{"line":45,"column":0},"start":{"line":45,"column":0}}},"branchMap":{"1":{"line":10,"type":"binary-expr","locations":[{"end":{"line":10,"column":10},"start":{"line":10,"column":10}},{"end":{"line":10,"column":3},"start":{"line":10,"column":19}}]},"2":{"line":16,"type":"if","locations":[{"end":{"line":16,"column":1},"start":{"line":16,"column":1}},{"end":{"line":16,"column":1},"start":{"line":16,"column":1}}]},"3":{"line":17,"type":"if","locations":[{"end":{"line":17,"column":1},"start":{"line":17,"column":1}},{"end":{"line":17,"column":1},"start":{"line":17,"column":1}}]},"4":{"line":20,"type":"cond-expr","locations":[{"end":{"line":18,"column":17},"start":{"line":18,"column":54}},{"end":{"line":18,"column":1},"start":{"line":18,"column":72}}]},"5":{"line":35,"type":"switch","locations":[{"end":{"line":35,"column":3},"start":{"line":34,"column":2}},{"end":{"line":37,"column":3},"start":{"line":36,"column":2}},{"end":{"line":39,"column":3},"start":{"line":38,"column":2}}]}}},"/home/gabriel/Projetos/Gabriel/state-updater/src/updater.js":{"path":"/home/gabriel/Projetos/Gabriel/state-updater/src/updater.js","s":{"1":1,"2":1,"3":1,"4":1,"5":1,"6":1,"7":1,"8":1,"9":1,"10":1,"11":1,"12":1,"13":1,"14":1,"15":1},"b":{"1":[1,0]},"f":{"1":1,"2":1,"3":1,"4":1},"fnMap":{"1":{"loc":{"start":{"line":5,"column":0},"end":{"line":5,"column":25}},"line":5,"name":"updater"},"2":{"loc":{"start":{"line":8,"column":20},"end":{"line":8,"column":53}},"line":8,"name":"each_property"},"3":{"loc":{"start":{"line":12,"column":10},"end":{"line":12,"column":51}},"line":12,"name":"updater_update"},"4":{"loc":{"start":{"line":14,"column":22},"end":{"line":14,"column":55}},"line":14,"name":"each_property"}},"statementMap":{"1":{"end":{"line":3,"column":0},"start":{"line":3,"column":0}},"2":{"end":{"line":24,"column":1},"start":{"line":5,"column":0}},"3":{"end":{"line":6,"column":1},"start":{"line":6,"column":1}},"4":{"end":{"line":7,"column":3},"start":{"line":7,"column":3}},"5":{"end":{"line":8,"column":1},"start":{"line":8,"column":1}},"6":{"end":{"line":9,"column":2},"start":{"line":9,"column":2}},"7":{"end":{"line":11,"column":1},"start":{"line":11,"column":1}},"8":{"end":{"line":13,"column":3},"start":{"line":13,"column":3}},"9":{"end":{"line":14,"column":3},"start":{"line":14,"column":3}},"10":{"end":{"line":15,"column":4},"start":{"line":15,"column":4}},"11":{"end":{"line":19,"column":5},"start":{"line":16,"column":4}},"12":{"end":{"line":17,"column":5},"start":{"line":17,"column":5}},"13":{"end":{"line":18,"column":5},"start":{"line":18,"column":5}},"14":{"end":{"line":21,"column":3},"start":{"line":21,"column":3}},"15":{"end":{"line":26,"column":0},"start":{"line":26,"column":0}}},"branchMap":{"1":{"line":16,"type":"if","locations":[{"end":{"line":16,"column":4},"start":{"line":16,"column":4}},{"end":{"line":16,"column":4},"start":{"line":16,"column":4}}]}}}}