TN:
SF:/home/gabriel/Projetos/Gabriel/state-updater/src/select.js
FN:3,selectString
FN:5,(anonymous_2)
FN:8,string_selector
FN:9,string_selector_reducer
FN:15,selectObject
FN:17,get_value
FN:21,(anonymous_7)
FN:24,object_selector
FN:25,object_selector_map
FN:34,select
FNF:10
FNH:10
FNDA:13,selectString
FNDA:29,(anonymous_2)
FNDA:13,string_selector
FNDA:29,string_selector_reducer
FNDA:5,selectObject
FNDA:1,get_value
FNDA:8,(anonymous_7)
FNDA:5,object_selector
FNDA:8,object_selector_map
FNDA:20,select
DA:3,1
DA:4,13
DA:5,13
DA:6,29
DA:8,13
DA:9,13
DA:10,29
DA:15,1
DA:16,5
DA:17,5
DA:18,5
DA:19,5
DA:20,8
DA:22,5
DA:23,5
DA:24,8
DA:26,5
DA:27,5
DA:29,5
DA:32,1
DA:33,20
DA:35,13
DA:37,5
DA:39,2
DA:41,0
DA:45,1
LF:26
LH:25
BRDA:10,1,0,29
BRDA:10,1,1,26
BRDA:16,2,0,0
BRDA:16,2,1,5
BRDA:17,3,0,1
BRDA:17,3,1,4
BRDA:20,4,0,2
BRDA:20,4,1,3
BRDA:35,5,0,13
BRDA:35,5,1,5
BRDA:35,5,2,2
BRF:11
BRH:10
end_of_record
TN:
SF:/home/gabriel/Projetos/Gabriel/state-updater/src/updater.js
FN:5,updater
FN:8,each_property
FN:12,updater_update
FN:14,each_property
FNF:4
FNH:4
FNDA:1,updater
FNDA:1,each_property
FNDA:1,updater_update
FNDA:1,each_property
DA:3,1
DA:5,1
DA:6,1
DA:7,1
DA:8,1
DA:9,1
DA:11,1
DA:13,1
DA:14,1
DA:15,1
DA:16,1
DA:17,1
DA:18,1
DA:21,1
DA:26,1
LF:15
LH:15
BRDA:16,1,0,1
BRDA:16,1,1,0
BRF:2
BRH:1
end_of_record
